{"/Users/keewooklee/Desktop/HackReactor/FEC/capstone/client/src/assets/images/CloseBtn.jsx": {"path":"/Users/keewooklee/Desktop/HackReactor/FEC/capstone/client/src/assets/images/CloseBtn.jsx","statementMap":{"0":{"start":{"line":3,"column":17},"end":{"line":14,"column":1}},"1":{"start":{"line":4,"column":2},"end":{"line":13,"column":4}}},"fnMap":{"0":{"name":"CloseBtn","decl":{"start":{"line":3,"column":26},"end":{"line":3,"column":34}},"loc":{"start":{"line":3,"column":37},"end":{"line":14,"column":1}},"line":3}},"branchMap":{},"s":{"0":2,"1":1},"f":{"0":1},"b":{},"_coverageSchema":"1a1c01bbd47fc00a2c39e90264f33305004495a9","hash":"8153e11d5d390a989b5d1bdbd37197f7b0daeb42"}
,"/Users/keewooklee/Desktop/HackReactor/FEC/capstone/client/src/components/Stars.js": {"path":"/Users/keewooklee/Desktop/HackReactor/FEC/capstone/client/src/components/Stars.js","statementMap":{"0":{"start":{"line":3,"column":14},"end":{"line":19,"column":1}},"1":{"start":{"line":4,"column":15},"end":{"line":4,"column":79}}},"fnMap":{"0":{"name":"(anonymous_0)","decl":{"start":{"line":4,"column":4},"end":{"line":4,"column":5}},"loc":{"start":{"line":4,"column":15},"end":{"line":4,"column":79}},"line":4}},"branchMap":{"0":{"loc":{"start":{"line":4,"column":15},"end":{"line":4,"column":79}},"type":"binary-expr","locations":[{"start":{"line":4,"column":15},"end":{"line":4,"column":28}},{"start":{"line":4,"column":32},"end":{"line":4,"column":79}}],"line":4}},"s":{"0":2,"1":1},"f":{"0":1},"b":{"0":[1,0]},"_coverageSchema":"1a1c01bbd47fc00a2c39e90264f33305004495a9","hash":"f5b1974ca80c5f88fca021ad9e9009323a371162"}
,"/Users/keewooklee/Desktop/HackReactor/FEC/capstone/client/src/components/ProductOverview/Message.jsx": {"path":"/Users/keewooklee/Desktop/HackReactor/FEC/capstone/client/src/components/ProductOverview/Message.jsx","statementMap":{"0":{"start":{"line":4,"column":16},"end":{"line":8,"column":1}},"1":{"start":{"line":5,"column":2},"end":{"line":7,"column":3}}},"fnMap":{"0":{"name":"(anonymous_0)","decl":{"start":{"line":4,"column":16},"end":{"line":4,"column":17}},"loc":{"start":{"line":4,"column":22},"end":{"line":8,"column":1}},"line":4}},"branchMap":{},"s":{"0":1,"1":1},"f":{"0":1},"b":{},"_coverageSchema":"1a1c01bbd47fc00a2c39e90264f33305004495a9","hash":"dc730fac8773997cae400208a73d175e34728fbb"}
,"/Users/keewooklee/Desktop/HackReactor/FEC/capstone/client/src/components/RelatedItemsAndComparison/Card.jsx": {"path":"/Users/keewooklee/Desktop/HackReactor/FEC/capstone/client/src/components/RelatedItemsAndComparison/Card.jsx","statementMap":{"0":{"start":{"line":11,"column":16},"end":{"line":19,"column":1}},"1":{"start":{"line":21,"column":14},"end":{"line":27,"column":1}},"2":{"start":{"line":29,"column":17},"end":{"line":31,"column":1}},"3":{"start":{"line":33,"column":13},"end":{"line":36,"column":1}},"4":{"start":{"line":38,"column":14},"end":{"line":40,"column":1}},"5":{"start":{"line":42,"column":13},"end":{"line":48,"column":1}},"6":{"start":{"line":50,"column":14},"end":{"line":56,"column":1}},"7":{"start":{"line":58,"column":13},"end":{"line":116,"column":1}},"8":{"start":{"line":59,"column":26},"end":{"line":67,"column":4}},"9":{"start":{"line":68,"column":36},"end":{"line":68,"column":51}},"10":{"start":{"line":69,"column":19},"end":{"line":69,"column":32}},"11":{"start":{"line":71,"column":2},"end":{"line":84,"column":11}},"12":{"start":{"line":72,"column":4},"end":{"line":83,"column":9}},"13":{"start":{"line":74,"column":8},"end":{"line":82,"column":12}},"14":{"start":{"line":74,"column":27},"end":{"line":82,"column":9}},"15":{"start":{"line":86,"column":30},"end":{"line":89,"column":3}},"16":{"start":{"line":87,"column":4},"end":{"line":87,"column":32}},"17":{"start":{"line":88,"column":4},"end":{"line":88,"column":16}},"18":{"start":{"line":91,"column":20},"end":{"line":93,"column":3}},"19":{"start":{"line":92,"column":4},"end":{"line":92,"column":23}},"20":{"start":{"line":95,"column":23},"end":{"line":101,"column":3}},"21":{"start":{"line":96,"column":16},"end":{"line":96,"column":58}},"22":{"start":{"line":97,"column":16},"end":{"line":97,"column":31}},"23":{"start":{"line":98,"column":4},"end":{"line":98,"column":23}},"24":{"start":{"line":99,"column":4},"end":{"line":99,"column":56}},"25":{"start":{"line":100,"column":4},"end":{"line":100,"column":19}},"26":{"start":{"line":103,"column":2},"end":{"line":115,"column":4}},"27":{"start":{"line":118,"column":0},"end":{"line":122,"column":2}},"28":{"start":{"line":124,"column":0},"end":{"line":128,"column":2}}},"fnMap":{"0":{"name":"Card","decl":{"start":{"line":58,"column":22},"end":{"line":58,"column":26}},"loc":{"start":{"line":58,"column":56},"end":{"line":116,"column":1}},"line":58},"1":{"name":"(anonymous_1)","decl":{"start":{"line":71,"column":12},"end":{"line":71,"column":13}},"loc":{"start":{"line":71,"column":18},"end":{"line":84,"column":3}},"line":71},"2":{"name":"(anonymous_2)","decl":{"start":{"line":73,"column":12},"end":{"line":73,"column":13}},"loc":{"start":{"line":73,"column":25},"end":{"line":83,"column":7}},"line":73},"3":{"name":"(anonymous_3)","decl":{"start":{"line":74,"column":16},"end":{"line":74,"column":17}},"loc":{"start":{"line":74,"column":27},"end":{"line":82,"column":9}},"line":74},"4":{"name":"(anonymous_4)","decl":{"start":{"line":86,"column":30},"end":{"line":86,"column":31}},"loc":{"start":{"line":86,"column":36},"end":{"line":89,"column":3}},"line":86},"5":{"name":"(anonymous_5)","decl":{"start":{"line":91,"column":20},"end":{"line":91,"column":21}},"loc":{"start":{"line":91,"column":26},"end":{"line":93,"column":3}},"line":91},"6":{"name":"(anonymous_6)","decl":{"start":{"line":95,"column":23},"end":{"line":95,"column":24}},"loc":{"start":{"line":95,"column":29},"end":{"line":101,"column":3}},"line":95}},"branchMap":{"0":{"loc":{"start":{"line":106,"column":7},"end":{"line":108,"column":44}},"type":"cond-expr","locations":[{"start":{"line":107,"column":10},"end":{"line":107,"column":70}},{"start":{"line":108,"column":10},"end":{"line":108,"column":44}}],"line":106},"1":{"loc":{"start":{"line":109,"column":7},"end":{"line":109,"column":89}},"type":"binary-expr","locations":[{"start":{"line":109,"column":7},"end":{"line":109,"column":16}},{"start":{"line":109,"column":20},"end":{"line":109,"column":89}}],"line":109}},"s":{"0":2,"1":2,"2":2,"3":2,"4":2,"5":2,"6":2,"7":2,"8":1,"9":1,"10":1,"11":1,"12":1,"13":0,"14":0,"15":1,"16":0,"17":0,"18":1,"19":0,"20":1,"21":0,"22":0,"23":0,"24":0,"25":0,"26":1,"27":2,"28":2},"f":{"0":1,"1":1,"2":0,"3":0,"4":0,"5":0,"6":0},"b":{"0":[1,0],"1":[1,0]},"_coverageSchema":"1a1c01bbd47fc00a2c39e90264f33305004495a9","hash":"966f61b76a0affde8faa535e63919ce1802ba013"}
,"/Users/keewooklee/Desktop/HackReactor/FEC/capstone/client/src/components/RelatedItemsAndComparison/Carousel.jsx": {"path":"/Users/keewooklee/Desktop/HackReactor/FEC/capstone/client/src/components/RelatedItemsAndComparison/Carousel.jsx","statementMap":{"0":{"start":{"line":8,"column":18},"end":{"line":15,"column":1}},"1":{"start":{"line":17,"column":20},"end":{"line":31,"column":1}},"2":{"start":{"line":33,"column":15},"end":{"line":46,"column":1}},"3":{"start":{"line":48,"column":19},"end":{"line":51,"column":1}},"4":{"start":{"line":53,"column":20},"end":{"line":56,"column":1}},"5":{"start":{"line":58,"column":17},"end":{"line":107,"column":1}},"6":{"start":{"line":61,"column":42},"end":{"line":61,"column":53}},"7":{"start":{"line":62,"column":19},"end":{"line":62,"column":31}},"8":{"start":{"line":63,"column":20},"end":{"line":63,"column":21}},"9":{"start":{"line":64,"column":2},"end":{"line":68,"column":3}},"10":{"start":{"line":65,"column":4},"end":{"line":65,"column":56}},"11":{"start":{"line":66,"column":9},"end":{"line":68,"column":3}},"12":{"start":{"line":67,"column":4},"end":{"line":67,"column":36}},"13":{"start":{"line":70,"column":21},"end":{"line":77,"column":3}},"14":{"start":{"line":71,"column":25},"end":{"line":71,"column":43}},"15":{"start":{"line":72,"column":21},"end":{"line":72,"column":56}},"16":{"start":{"line":73,"column":4},"end":{"line":73,"column":30}},"17":{"start":{"line":74,"column":4},"end":{"line":76,"column":5}},"18":{"start":{"line":75,"column":6},"end":{"line":75,"column":77}},"19":{"start":{"line":79,"column":21},"end":{"line":86,"column":3}},"20":{"start":{"line":80,"column":24},"end":{"line":80,"column":51}},"21":{"start":{"line":81,"column":21},"end":{"line":81,"column":65}},"22":{"start":{"line":82,"column":4},"end":{"line":82,"column":30}},"23":{"start":{"line":83,"column":4},"end":{"line":85,"column":5}},"24":{"start":{"line":84,"column":6},"end":{"line":84,"column":77}},"25":{"start":{"line":88,"column":2},"end":{"line":106,"column":4}},"26":{"start":{"line":94,"column":27},"end":{"line":94,"column":56}},"27":{"start":{"line":99,"column":34},"end":{"line":99,"column":96}},"28":{"start":{"line":109,"column":0},"end":{"line":117,"column":2}},"29":{"start":{"line":119,"column":0},"end":{"line":127,"column":2}}},"fnMap":{"0":{"name":"Carousel","decl":{"start":{"line":58,"column":26},"end":{"line":58,"column":34}},"loc":{"start":{"line":60,"column":3},"end":{"line":107,"column":1}},"line":60},"1":{"name":"(anonymous_1)","decl":{"start":{"line":70,"column":21},"end":{"line":70,"column":22}},"loc":{"start":{"line":70,"column":27},"end":{"line":77,"column":3}},"line":70},"2":{"name":"(anonymous_2)","decl":{"start":{"line":79,"column":21},"end":{"line":79,"column":22}},"loc":{"start":{"line":79,"column":27},"end":{"line":86,"column":3}},"line":79},"3":{"name":"(anonymous_3)","decl":{"start":{"line":94,"column":17},"end":{"line":94,"column":18}},"loc":{"start":{"line":94,"column":27},"end":{"line":94,"column":56}},"line":94},"4":{"name":"(anonymous_4)","decl":{"start":{"line":99,"column":24},"end":{"line":99,"column":25}},"loc":{"start":{"line":99,"column":34},"end":{"line":99,"column":96}},"line":99}},"branchMap":{"0":{"loc":{"start":{"line":64,"column":2},"end":{"line":68,"column":3}},"type":"if","locations":[{"start":{"line":64,"column":2},"end":{"line":68,"column":3}},{"start":{"line":66,"column":9},"end":{"line":68,"column":3}}],"line":64},"1":{"loc":{"start":{"line":66,"column":9},"end":{"line":68,"column":3}},"type":"if","locations":[{"start":{"line":66,"column":9},"end":{"line":68,"column":3}},{"start":{},"end":{}}],"line":66},"2":{"loc":{"start":{"line":72,"column":21},"end":{"line":72,"column":56}},"type":"cond-expr","locations":[{"start":{"line":72,"column":36},"end":{"line":72,"column":37}},{"start":{"line":72,"column":40},"end":{"line":72,"column":56}}],"line":72},"3":{"loc":{"start":{"line":74,"column":4},"end":{"line":76,"column":5}},"type":"if","locations":[{"start":{"line":74,"column":4},"end":{"line":76,"column":5}},{"start":{},"end":{}}],"line":74},"4":{"loc":{"start":{"line":81,"column":21},"end":{"line":81,"column":65}},"type":"cond-expr","locations":[{"start":{"line":81,"column":35},"end":{"line":81,"column":46}},{"start":{"line":81,"column":49},"end":{"line":81,"column":65}}],"line":81},"5":{"loc":{"start":{"line":83,"column":4},"end":{"line":85,"column":5}},"type":"if","locations":[{"start":{"line":83,"column":4},"end":{"line":85,"column":5}},{"start":{},"end":{}}],"line":83},"6":{"loc":{"start":{"line":90,"column":7},"end":{"line":90,"column":117}},"type":"cond-expr","locations":[{"start":{"line":90,"column":26},"end":{"line":90,"column":104}},{"start":{"line":90,"column":107},"end":{"line":90,"column":117}}],"line":90},"7":{"loc":{"start":{"line":92,"column":9},"end":{"line":95,"column":16}},"type":"cond-expr","locations":[{"start":{"line":93,"column":12},"end":{"line":94,"column":57}},{"start":{"line":95,"column":12},"end":{"line":95,"column":16}}],"line":92},"8":{"loc":{"start":{"line":96,"column":9},"end":{"line":99,"column":97}},"type":"cond-expr","locations":[{"start":{"line":97,"column":12},"end":{"line":97,"column":63}},{"start":{"line":98,"column":12},"end":{"line":99,"column":97}}],"line":96},"9":{"loc":{"start":{"line":96,"column":9},"end":{"line":96,"column":40}},"type":"binary-expr","locations":[{"start":{"line":96,"column":9},"end":{"line":96,"column":28}},{"start":{"line":96,"column":32},"end":{"line":96,"column":40}}],"line":96},"10":{"loc":{"start":{"line":98,"column":12},"end":{"line":99,"column":97}},"type":"binary-expr","locations":[{"start":{"line":98,"column":12},"end":{"line":98,"column":18}},{"start":{"line":98,"column":22},"end":{"line":98,"column":32}},{"start":{"line":99,"column":13},"end":{"line":99,"column":97}}],"line":98},"11":{"loc":{"start":{"line":100,"column":9},"end":{"line":100,"column":78}},"type":"cond-expr","locations":[{"start":{"line":100,"column":20},"end":{"line":100,"column":71}},{"start":{"line":100,"column":74},"end":{"line":100,"column":78}}],"line":100},"12":{"loc":{"start":{"line":102,"column":7},"end":{"line":104,"column":20}},"type":"cond-expr","locations":[{"start":{"line":103,"column":10},"end":{"line":103,"column":90}},{"start":{"line":104,"column":10},"end":{"line":104,"column":20}}],"line":102}},"s":{"0":1,"1":1,"2":1,"3":1,"4":1,"5":1,"6":1,"7":1,"8":1,"9":1,"10":0,"11":1,"12":1,"13":1,"14":0,"15":0,"16":0,"17":0,"18":0,"19":1,"20":0,"21":0,"22":0,"23":0,"24":0,"25":1,"26":0,"27":0,"28":1,"29":1},"f":{"0":1,"1":0,"2":0,"3":0,"4":0},"b":{"0":[0,1],"1":[1,0],"2":[0,0],"3":[0,0],"4":[0,0],"5":[0,0],"6":[0,1],"7":[1,0],"8":[0,1],"9":[1,1],"10":[1,1,1],"11":[0,1],"12":[0,1]},"_coverageSchema":"1a1c01bbd47fc00a2c39e90264f33305004495a9","hash":"055cec7258e1da4bab663de0cf8ca1da1b98adfc"}
,"/Users/keewooklee/Desktop/HackReactor/FEC/capstone/client/src/components/RelatedItemsAndComparison/Comparison.jsx": {"path":"/Users/keewooklee/Desktop/HackReactor/FEC/capstone/client/src/components/RelatedItemsAndComparison/Comparison.jsx","statementMap":{"0":{"start":{"line":9,"column":19},"end":{"line":17,"column":1}},"1":{"start":{"line":19,"column":21},"end":{"line":32,"column":1}},"2":{"start":{"line":34,"column":17},"end":{"line":55,"column":1}},"3":{"start":{"line":57,"column":20},"end":{"line":59,"column":1}},"4":{"start":{"line":61,"column":19},"end":{"line":129,"column":1}},"5":{"start":{"line":62,"column":17},"end":{"line":62,"column":28}},"6":{"start":{"line":63,"column":32},"end":{"line":63,"column":47}},"7":{"start":{"line":64,"column":48},"end":{"line":64,"column":60}},"8":{"start":{"line":65,"column":48},"end":{"line":65,"column":60}},"9":{"start":{"line":66,"column":17},"end":{"line":66,"column":61}},"10":{"start":{"line":68,"column":21},"end":{"line":70,"column":3}},"11":{"start":{"line":69,"column":4},"end":{"line":69,"column":24}},"12":{"start":{"line":72,"column":20},"end":{"line":81,"column":10}},"13":{"start":{"line":73,"column":4},"end":{"line":73,"column":21}},"14":{"start":{"line":74,"column":4},"end":{"line":79,"column":5}},"15":{"start":{"line":75,"column":18},"end":{"line":75,"column":56}},"16":{"start":{"line":76,"column":6},"end":{"line":76,"column":35}},"17":{"start":{"line":78,"column":6},"end":{"line":78,"column":35}},"18":{"start":{"line":80,"column":4},"end":{"line":80,"column":22}},"19":{"start":{"line":83,"column":2},"end":{"line":85,"column":9}},"20":{"start":{"line":84,"column":4},"end":{"line":84,"column":16}},"21":{"start":{"line":87,"column":2},"end":{"line":90,"column":48}},"22":{"start":{"line":88,"column":26},"end":{"line":88,"column":81}},"23":{"start":{"line":89,"column":4},"end":{"line":89,"column":38}},"24":{"start":{"line":92,"column":2},"end":{"line":100,"column":3}},"25":{"start":{"line":93,"column":4},"end":{"line":99,"column":6}},"26":{"start":{"line":102,"column":2},"end":{"line":128,"column":4}},"27":{"start":{"line":117,"column":16},"end":{"line":121,"column":21}},"28":{"start":{"line":119,"column":20},"end":{"line":119,"column":50}},"29":{"start":{"line":131,"column":0},"end":{"line":141,"column":2}},"30":{"start":{"line":143,"column":0},"end":{"line":146,"column":2}}},"fnMap":{"0":{"name":"Comparison","decl":{"start":{"line":61,"column":28},"end":{"line":61,"column":38}},"loc":{"start":{"line":61,"column":63},"end":{"line":129,"column":1}},"line":61},"1":{"name":"(anonymous_1)","decl":{"start":{"line":68,"column":21},"end":{"line":68,"column":22}},"loc":{"start":{"line":68,"column":27},"end":{"line":70,"column":3}},"line":68},"2":{"name":"(anonymous_2)","decl":{"start":{"line":72,"column":32},"end":{"line":72,"column":33}},"loc":{"start":{"line":72,"column":44},"end":{"line":81,"column":3}},"line":72},"3":{"name":"(anonymous_3)","decl":{"start":{"line":83,"column":12},"end":{"line":83,"column":13}},"loc":{"start":{"line":83,"column":18},"end":{"line":85,"column":3}},"line":83},"4":{"name":"(anonymous_4)","decl":{"start":{"line":87,"column":12},"end":{"line":87,"column":13}},"loc":{"start":{"line":87,"column":18},"end":{"line":90,"column":3}},"line":87},"5":{"name":"(anonymous_5)","decl":{"start":{"line":116,"column":68},"end":{"line":116,"column":69}},"loc":{"start":{"line":117,"column":16},"end":{"line":121,"column":21}},"line":117},"6":{"name":"(anonymous_6)","decl":{"start":{"line":118,"column":30},"end":{"line":118,"column":31}},"loc":{"start":{"line":119,"column":20},"end":{"line":119,"column":50}},"line":119}},"branchMap":{"0":{"loc":{"start":{"line":92,"column":2},"end":{"line":100,"column":3}},"type":"if","locations":[{"start":{"line":92,"column":2},"end":{"line":100,"column":3}},{"start":{},"end":{}}],"line":92},"1":{"loc":{"start":{"line":116,"column":15},"end":{"line":122,"column":23}},"type":"cond-expr","locations":[{"start":{"line":116,"column":48},"end":{"line":122,"column":16}},{"start":{"line":122,"column":19},"end":{"line":122,"column":23}}],"line":116}},"s":{"0":3,"1":3,"2":3,"3":3,"4":3,"5":2,"6":2,"7":2,"8":2,"9":2,"10":2,"11":0,"12":2,"13":1,"14":1,"15":1,"16":0,"17":0,"18":0,"19":2,"20":1,"21":2,"22":1,"23":1,"24":2,"25":1,"26":1,"27":0,"28":0,"29":3,"30":3},"f":{"0":2,"1":0,"2":1,"3":1,"4":1,"5":0,"6":0},"b":{"0":[1,1],"1":[1,0]},"_coverageSchema":"1a1c01bbd47fc00a2c39e90264f33305004495a9","hash":"0d632e67a6d7b1af10b6a4e4bc6bd193a013cd96"}
,"/Users/keewooklee/Desktop/HackReactor/FEC/capstone/client/src/components/RelatedItemsAndComparison/EmptyCard.jsx": {"path":"/Users/keewooklee/Desktop/HackReactor/FEC/capstone/client/src/components/RelatedItemsAndComparison/EmptyCard.jsx","statementMap":{"0":{"start":{"line":6,"column":16},"end":{"line":14,"column":1}},"1":{"start":{"line":16,"column":13},"end":{"line":23,"column":1}},"2":{"start":{"line":25,"column":18},"end":{"line":45,"column":1}},"3":{"start":{"line":26,"column":17},"end":{"line":26,"column":28}},"4":{"start":{"line":27,"column":19},"end":{"line":27,"column":32}},"5":{"start":{"line":29,"column":22},"end":{"line":36,"column":3}},"6":{"start":{"line":30,"column":4},"end":{"line":35,"column":5}},"7":{"start":{"line":31,"column":6},"end":{"line":31,"column":22}},"8":{"start":{"line":32,"column":6},"end":{"line":32,"column":61}},"9":{"start":{"line":33,"column":6},"end":{"line":33,"column":24}},"10":{"start":{"line":34,"column":6},"end":{"line":34,"column":18}},"11":{"start":{"line":38,"column":2},"end":{"line":44,"column":4}},"12":{"start":{"line":47,"column":0},"end":{"line":50,"column":2}},"13":{"start":{"line":52,"column":0},"end":{"line":55,"column":2}}},"fnMap":{"0":{"name":"EmptyCard","decl":{"start":{"line":25,"column":27},"end":{"line":25,"column":36}},"loc":{"start":{"line":25,"column":60},"end":{"line":45,"column":1}},"line":25},"1":{"name":"(anonymous_1)","decl":{"start":{"line":29,"column":22},"end":{"line":29,"column":23}},"loc":{"start":{"line":29,"column":28},"end":{"line":36,"column":3}},"line":29}},"branchMap":{"0":{"loc":{"start":{"line":30,"column":4},"end":{"line":35,"column":5}},"type":"if","locations":[{"start":{"line":30,"column":4},"end":{"line":35,"column":5}},{"start":{},"end":{}}],"line":30}},"s":{"0":2,"1":2,"2":2,"3":1,"4":1,"5":1,"6":0,"7":0,"8":0,"9":0,"10":0,"11":1,"12":2,"13":2},"f":{"0":1,"1":0},"b":{"0":[0,0]},"_coverageSchema":"1a1c01bbd47fc00a2c39e90264f33305004495a9","hash":"15206b2885ac03e4d4cfb32835c41cb92892b30f"}
,"/Users/keewooklee/Desktop/HackReactor/FEC/capstone/client/src/lib/productCompare.js": {"path":"/Users/keewooklee/Desktop/HackReactor/FEC/capstone/client/src/lib/productCompare.js","statementMap":{"0":{"start":{"line":6,"column":23},"end":{"line":39,"column":1}},"1":{"start":{"line":7,"column":18},"end":{"line":7,"column":20}},"2":{"start":{"line":9,"column":2},"end":{"line":11,"column":3}},"3":{"start":{"line":10,"column":4},"end":{"line":10,"column":19}},"4":{"start":{"line":13,"column":2},"end":{"line":27,"column":3}},"5":{"start":{"line":13,"column":15},"end":{"line":13,"column":16}},"6":{"start":{"line":14,"column":16},"end":{"line":17,"column":5}},"7":{"start":{"line":19,"column":4},"end":{"line":23,"column":5}},"8":{"start":{"line":19,"column":17},"end":{"line":19,"column":18}},"9":{"start":{"line":20,"column":6},"end":{"line":22,"column":7}},"10":{"start":{"line":21,"column":8},"end":{"line":21,"column":45}},"11":{"start":{"line":25,"column":4},"end":{"line":25,"column":46}},"12":{"start":{"line":26,"column":4},"end":{"line":26,"column":31}},"13":{"start":{"line":29,"column":2},"end":{"line":36,"column":5}},"14":{"start":{"line":30,"column":4},"end":{"line":35,"column":6}},"15":{"start":{"line":38,"column":2},"end":{"line":38,"column":32}}},"fnMap":{"0":{"name":"(anonymous_0)","decl":{"start":{"line":6,"column":23},"end":{"line":6,"column":24}},"loc":{"start":{"line":6,"column":47},"end":{"line":39,"column":1}},"line":6},"1":{"name":"(anonymous_1)","decl":{"start":{"line":29,"column":15},"end":{"line":29,"column":16}},"loc":{"start":{"line":29,"column":28},"end":{"line":36,"column":3}},"line":29}},"branchMap":{"0":{"loc":{"start":{"line":9,"column":2},"end":{"line":11,"column":3}},"type":"if","locations":[{"start":{"line":9,"column":2},"end":{"line":11,"column":3}},{"start":{},"end":{}}],"line":9},"1":{"loc":{"start":{"line":9,"column":6},"end":{"line":9,"column":54}},"type":"binary-expr","locations":[{"start":{"line":9,"column":6},"end":{"line":9,"column":28}},{"start":{"line":9,"column":32},"end":{"line":9,"column":54}}],"line":9},"2":{"loc":{"start":{"line":20,"column":6},"end":{"line":22,"column":7}},"type":"if","locations":[{"start":{"line":20,"column":6},"end":{"line":22,"column":7}},{"start":{},"end":{}}],"line":20},"3":{"loc":{"start":{"line":25,"column":23},"end":{"line":25,"column":45}},"type":"binary-expr","locations":[{"start":{"line":25,"column":23},"end":{"line":25,"column":39}},{"start":{"line":25,"column":43},"end":{"line":25,"column":45}}],"line":25},"4":{"loc":{"start":{"line":30,"column":31},"end":{"line":35,"column":5}},"type":"binary-expr","locations":[{"start":{"line":30,"column":31},"end":{"line":30,"column":55}},{"start":{"line":31,"column":7},"end":{"line":35,"column":5}}],"line":30}},"s":{"0":4,"1":3,"2":3,"3":2,"4":1,"5":1,"6":2,"7":2,"8":2,"9":2,"10":1,"11":2,"12":2,"13":1,"14":1,"15":1},"f":{"0":3,"1":1},"b":{"0":[2,1],"1":[3,1],"2":[1,1],"3":[2,1],"4":[1,0]},"_coverageSchema":"1a1c01bbd47fc00a2c39e90264f33305004495a9","hash":"01c20870d67ca8860e67325b148c8460c59fed3f"}
,"/Users/keewooklee/Desktop/HackReactor/FEC/capstone/client/src/lib/starRatings.js": {"path":"/Users/keewooklee/Desktop/HackReactor/FEC/capstone/client/src/lib/starRatings.js","statementMap":{"0":{"start":{"line":2,"column":31},"end":{"line":7,"column":1}},"1":{"start":{"line":3,"column":20},"end":{"line":3,"column":162}},"2":{"start":{"line":4,"column":19},"end":{"line":4,"column":141}},"3":{"start":{"line":6,"column":2},"end":{"line":6,"column":42}},"4":{"start":{"line":11,"column":33},"end":{"line":76,"column":1}},"5":{"start":{"line":12,"column":2},"end":{"line":14,"column":3}},"6":{"start":{"line":13,"column":4},"end":{"line":13,"column":13}},"7":{"start":{"line":15,"column":2},"end":{"line":17,"column":3}},"8":{"start":{"line":16,"column":4},"end":{"line":16,"column":16}},"9":{"start":{"line":18,"column":2},"end":{"line":20,"column":3}},"10":{"start":{"line":19,"column":4},"end":{"line":19,"column":15}},"11":{"start":{"line":21,"column":2},"end":{"line":23,"column":3}},"12":{"start":{"line":22,"column":4},"end":{"line":22,"column":16}},"13":{"start":{"line":24,"column":2},"end":{"line":26,"column":3}},"14":{"start":{"line":25,"column":4},"end":{"line":25,"column":13}},"15":{"start":{"line":27,"column":2},"end":{"line":29,"column":3}},"16":{"start":{"line":28,"column":4},"end":{"line":28,"column":16}},"17":{"start":{"line":30,"column":2},"end":{"line":32,"column":3}},"18":{"start":{"line":31,"column":4},"end":{"line":31,"column":15}},"19":{"start":{"line":33,"column":2},"end":{"line":35,"column":3}},"20":{"start":{"line":34,"column":4},"end":{"line":34,"column":16}},"21":{"start":{"line":36,"column":2},"end":{"line":38,"column":3}},"22":{"start":{"line":37,"column":4},"end":{"line":37,"column":13}},"23":{"start":{"line":39,"column":2},"end":{"line":41,"column":3}},"24":{"start":{"line":40,"column":4},"end":{"line":40,"column":16}},"25":{"start":{"line":42,"column":2},"end":{"line":44,"column":3}},"26":{"start":{"line":43,"column":4},"end":{"line":43,"column":15}},"27":{"start":{"line":45,"column":2},"end":{"line":47,"column":3}},"28":{"start":{"line":46,"column":4},"end":{"line":46,"column":16}},"29":{"start":{"line":48,"column":2},"end":{"line":50,"column":3}},"30":{"start":{"line":49,"column":4},"end":{"line":49,"column":13}},"31":{"start":{"line":51,"column":2},"end":{"line":53,"column":3}},"32":{"start":{"line":52,"column":4},"end":{"line":52,"column":16}},"33":{"start":{"line":54,"column":2},"end":{"line":56,"column":3}},"34":{"start":{"line":55,"column":4},"end":{"line":55,"column":15}},"35":{"start":{"line":57,"column":2},"end":{"line":59,"column":3}},"36":{"start":{"line":58,"column":4},"end":{"line":58,"column":16}},"37":{"start":{"line":60,"column":2},"end":{"line":62,"column":3}},"38":{"start":{"line":61,"column":4},"end":{"line":61,"column":13}},"39":{"start":{"line":63,"column":2},"end":{"line":65,"column":3}},"40":{"start":{"line":64,"column":4},"end":{"line":64,"column":16}},"41":{"start":{"line":66,"column":2},"end":{"line":68,"column":3}},"42":{"start":{"line":67,"column":4},"end":{"line":67,"column":15}},"43":{"start":{"line":69,"column":2},"end":{"line":71,"column":3}},"44":{"start":{"line":70,"column":4},"end":{"line":70,"column":16}},"45":{"start":{"line":72,"column":2},"end":{"line":74,"column":3}},"46":{"start":{"line":73,"column":4},"end":{"line":73,"column":13}},"47":{"start":{"line":75,"column":2},"end":{"line":75,"column":14}}},"fnMap":{"0":{"name":"(anonymous_0)","decl":{"start":{"line":2,"column":31},"end":{"line":2,"column":32}},"loc":{"start":{"line":2,"column":40},"end":{"line":7,"column":1}},"line":2},"1":{"name":"(anonymous_1)","decl":{"start":{"line":11,"column":33},"end":{"line":11,"column":34}},"loc":{"start":{"line":11,"column":42},"end":{"line":76,"column":1}},"line":11}},"branchMap":{"0":{"loc":{"start":{"line":12,"column":2},"end":{"line":14,"column":3}},"type":"if","locations":[{"start":{"line":12,"column":2},"end":{"line":14,"column":3}},{"start":{},"end":{}}],"line":12},"1":{"loc":{"start":{"line":12,"column":6},"end":{"line":12,"column":30}},"type":"binary-expr","locations":[{"start":{"line":12,"column":6},"end":{"line":12,"column":14}},{"start":{"line":12,"column":18},"end":{"line":12,"column":30}}],"line":12},"2":{"loc":{"start":{"line":15,"column":2},"end":{"line":17,"column":3}},"type":"if","locations":[{"start":{"line":15,"column":2},"end":{"line":17,"column":3}},{"start":{},"end":{}}],"line":15},"3":{"loc":{"start":{"line":15,"column":6},"end":{"line":15,"column":33}},"type":"binary-expr","locations":[{"start":{"line":15,"column":6},"end":{"line":15,"column":17}},{"start":{"line":15,"column":21},"end":{"line":15,"column":33}}],"line":15},"4":{"loc":{"start":{"line":18,"column":2},"end":{"line":20,"column":3}},"type":"if","locations":[{"start":{"line":18,"column":2},"end":{"line":20,"column":3}},{"start":{},"end":{}}],"line":18},"5":{"loc":{"start":{"line":18,"column":6},"end":{"line":18,"column":33}},"type":"binary-expr","locations":[{"start":{"line":18,"column":6},"end":{"line":18,"column":17}},{"start":{"line":18,"column":21},"end":{"line":18,"column":33}}],"line":18},"6":{"loc":{"start":{"line":21,"column":2},"end":{"line":23,"column":3}},"type":"if","locations":[{"start":{"line":21,"column":2},"end":{"line":23,"column":3}},{"start":{},"end":{}}],"line":21},"7":{"loc":{"start":{"line":21,"column":6},"end":{"line":21,"column":33}},"type":"binary-expr","locations":[{"start":{"line":21,"column":6},"end":{"line":21,"column":17}},{"start":{"line":21,"column":21},"end":{"line":21,"column":33}}],"line":21},"8":{"loc":{"start":{"line":24,"column":2},"end":{"line":26,"column":3}},"type":"if","locations":[{"start":{"line":24,"column":2},"end":{"line":26,"column":3}},{"start":{},"end":{}}],"line":24},"9":{"loc":{"start":{"line":24,"column":6},"end":{"line":24,"column":33}},"type":"binary-expr","locations":[{"start":{"line":24,"column":6},"end":{"line":24,"column":17}},{"start":{"line":24,"column":21},"end":{"line":24,"column":33}}],"line":24},"10":{"loc":{"start":{"line":27,"column":2},"end":{"line":29,"column":3}},"type":"if","locations":[{"start":{"line":27,"column":2},"end":{"line":29,"column":3}},{"start":{},"end":{}}],"line":27},"11":{"loc":{"start":{"line":27,"column":6},"end":{"line":27,"column":33}},"type":"binary-expr","locations":[{"start":{"line":27,"column":6},"end":{"line":27,"column":17}},{"start":{"line":27,"column":21},"end":{"line":27,"column":33}}],"line":27},"12":{"loc":{"start":{"line":30,"column":2},"end":{"line":32,"column":3}},"type":"if","locations":[{"start":{"line":30,"column":2},"end":{"line":32,"column":3}},{"start":{},"end":{}}],"line":30},"13":{"loc":{"start":{"line":30,"column":6},"end":{"line":30,"column":33}},"type":"binary-expr","locations":[{"start":{"line":30,"column":6},"end":{"line":30,"column":17}},{"start":{"line":30,"column":21},"end":{"line":30,"column":33}}],"line":30},"14":{"loc":{"start":{"line":33,"column":2},"end":{"line":35,"column":3}},"type":"if","locations":[{"start":{"line":33,"column":2},"end":{"line":35,"column":3}},{"start":{},"end":{}}],"line":33},"15":{"loc":{"start":{"line":33,"column":6},"end":{"line":33,"column":33}},"type":"binary-expr","locations":[{"start":{"line":33,"column":6},"end":{"line":33,"column":17}},{"start":{"line":33,"column":21},"end":{"line":33,"column":33}}],"line":33},"16":{"loc":{"start":{"line":36,"column":2},"end":{"line":38,"column":3}},"type":"if","locations":[{"start":{"line":36,"column":2},"end":{"line":38,"column":3}},{"start":{},"end":{}}],"line":36},"17":{"loc":{"start":{"line":36,"column":6},"end":{"line":36,"column":33}},"type":"binary-expr","locations":[{"start":{"line":36,"column":6},"end":{"line":36,"column":17}},{"start":{"line":36,"column":21},"end":{"line":36,"column":33}}],"line":36},"18":{"loc":{"start":{"line":39,"column":2},"end":{"line":41,"column":3}},"type":"if","locations":[{"start":{"line":39,"column":2},"end":{"line":41,"column":3}},{"start":{},"end":{}}],"line":39},"19":{"loc":{"start":{"line":39,"column":6},"end":{"line":39,"column":33}},"type":"binary-expr","locations":[{"start":{"line":39,"column":6},"end":{"line":39,"column":17}},{"start":{"line":39,"column":21},"end":{"line":39,"column":33}}],"line":39},"20":{"loc":{"start":{"line":42,"column":2},"end":{"line":44,"column":3}},"type":"if","locations":[{"start":{"line":42,"column":2},"end":{"line":44,"column":3}},{"start":{},"end":{}}],"line":42},"21":{"loc":{"start":{"line":42,"column":6},"end":{"line":42,"column":33}},"type":"binary-expr","locations":[{"start":{"line":42,"column":6},"end":{"line":42,"column":17}},{"start":{"line":42,"column":21},"end":{"line":42,"column":33}}],"line":42},"22":{"loc":{"start":{"line":45,"column":2},"end":{"line":47,"column":3}},"type":"if","locations":[{"start":{"line":45,"column":2},"end":{"line":47,"column":3}},{"start":{},"end":{}}],"line":45},"23":{"loc":{"start":{"line":45,"column":6},"end":{"line":45,"column":33}},"type":"binary-expr","locations":[{"start":{"line":45,"column":6},"end":{"line":45,"column":17}},{"start":{"line":45,"column":21},"end":{"line":45,"column":33}}],"line":45},"24":{"loc":{"start":{"line":48,"column":2},"end":{"line":50,"column":3}},"type":"if","locations":[{"start":{"line":48,"column":2},"end":{"line":50,"column":3}},{"start":{},"end":{}}],"line":48},"25":{"loc":{"start":{"line":48,"column":6},"end":{"line":48,"column":33}},"type":"binary-expr","locations":[{"start":{"line":48,"column":6},"end":{"line":48,"column":17}},{"start":{"line":48,"column":21},"end":{"line":48,"column":33}}],"line":48},"26":{"loc":{"start":{"line":51,"column":2},"end":{"line":53,"column":3}},"type":"if","locations":[{"start":{"line":51,"column":2},"end":{"line":53,"column":3}},{"start":{},"end":{}}],"line":51},"27":{"loc":{"start":{"line":51,"column":6},"end":{"line":51,"column":33}},"type":"binary-expr","locations":[{"start":{"line":51,"column":6},"end":{"line":51,"column":17}},{"start":{"line":51,"column":21},"end":{"line":51,"column":33}}],"line":51},"28":{"loc":{"start":{"line":54,"column":2},"end":{"line":56,"column":3}},"type":"if","locations":[{"start":{"line":54,"column":2},"end":{"line":56,"column":3}},{"start":{},"end":{}}],"line":54},"29":{"loc":{"start":{"line":54,"column":6},"end":{"line":54,"column":33}},"type":"binary-expr","locations":[{"start":{"line":54,"column":6},"end":{"line":54,"column":17}},{"start":{"line":54,"column":21},"end":{"line":54,"column":33}}],"line":54},"30":{"loc":{"start":{"line":57,"column":2},"end":{"line":59,"column":3}},"type":"if","locations":[{"start":{"line":57,"column":2},"end":{"line":59,"column":3}},{"start":{},"end":{}}],"line":57},"31":{"loc":{"start":{"line":57,"column":6},"end":{"line":57,"column":33}},"type":"binary-expr","locations":[{"start":{"line":57,"column":6},"end":{"line":57,"column":17}},{"start":{"line":57,"column":21},"end":{"line":57,"column":33}}],"line":57},"32":{"loc":{"start":{"line":60,"column":2},"end":{"line":62,"column":3}},"type":"if","locations":[{"start":{"line":60,"column":2},"end":{"line":62,"column":3}},{"start":{},"end":{}}],"line":60},"33":{"loc":{"start":{"line":60,"column":6},"end":{"line":60,"column":33}},"type":"binary-expr","locations":[{"start":{"line":60,"column":6},"end":{"line":60,"column":17}},{"start":{"line":60,"column":21},"end":{"line":60,"column":33}}],"line":60},"34":{"loc":{"start":{"line":63,"column":2},"end":{"line":65,"column":3}},"type":"if","locations":[{"start":{"line":63,"column":2},"end":{"line":65,"column":3}},{"start":{},"end":{}}],"line":63},"35":{"loc":{"start":{"line":63,"column":6},"end":{"line":63,"column":33}},"type":"binary-expr","locations":[{"start":{"line":63,"column":6},"end":{"line":63,"column":17}},{"start":{"line":63,"column":21},"end":{"line":63,"column":33}}],"line":63},"36":{"loc":{"start":{"line":66,"column":2},"end":{"line":68,"column":3}},"type":"if","locations":[{"start":{"line":66,"column":2},"end":{"line":68,"column":3}},{"start":{},"end":{}}],"line":66},"37":{"loc":{"start":{"line":66,"column":6},"end":{"line":66,"column":33}},"type":"binary-expr","locations":[{"start":{"line":66,"column":6},"end":{"line":66,"column":17}},{"start":{"line":66,"column":21},"end":{"line":66,"column":33}}],"line":66},"38":{"loc":{"start":{"line":69,"column":2},"end":{"line":71,"column":3}},"type":"if","locations":[{"start":{"line":69,"column":2},"end":{"line":71,"column":3}},{"start":{},"end":{}}],"line":69},"39":{"loc":{"start":{"line":69,"column":6},"end":{"line":69,"column":33}},"type":"binary-expr","locations":[{"start":{"line":69,"column":6},"end":{"line":69,"column":17}},{"start":{"line":69,"column":21},"end":{"line":69,"column":33}}],"line":69},"40":{"loc":{"start":{"line":72,"column":2},"end":{"line":74,"column":3}},"type":"if","locations":[{"start":{"line":72,"column":2},"end":{"line":74,"column":3}},{"start":{},"end":{}}],"line":72},"41":{"loc":{"start":{"line":72,"column":6},"end":{"line":72,"column":29}},"type":"binary-expr","locations":[{"start":{"line":72,"column":6},"end":{"line":72,"column":17}},{"start":{"line":72,"column":21},"end":{"line":72,"column":29}}],"line":72}},"s":{"0":3,"1":1,"2":1,"3":1,"4":3,"5":4,"6":1,"7":3,"8":0,"9":3,"10":0,"11":3,"12":0,"13":3,"14":0,"15":3,"16":0,"17":3,"18":0,"19":3,"20":0,"21":3,"22":0,"23":3,"24":0,"25":3,"26":0,"27":3,"28":0,"29":3,"30":1,"31":2,"32":1,"33":1,"34":0,"35":1,"36":0,"37":1,"38":0,"39":1,"40":0,"41":1,"42":0,"43":1,"44":0,"45":1,"46":0,"47":1},"f":{"0":1,"1":4},"b":{"0":[1,3],"1":[4,4],"2":[0,3],"3":[3,3],"4":[0,3],"5":[3,3],"6":[0,3],"7":[3,3],"8":[0,3],"9":[3,3],"10":[0,3],"11":[3,3],"12":[0,3],"13":[3,3],"14":[0,3],"15":[3,3],"16":[0,3],"17":[3,3],"18":[0,3],"19":[3,3],"20":[0,3],"21":[3,3],"22":[0,3],"23":[3,3],"24":[1,2],"25":[3,3],"26":[1,1],"27":[2,2],"28":[0,1],"29":[1,1],"30":[0,1],"31":[1,1],"32":[0,1],"33":[1,1],"34":[0,1],"35":[1,1],"36":[0,1],"37":[1,1],"38":[0,1],"39":[1,1],"40":[0,1],"41":[1,1]},"_coverageSchema":"1a1c01bbd47fc00a2c39e90264f33305004495a9","hash":"07e0b90c84a2f9ebac3ea92f49b7b7ac1887c335"}
}
