TN:
SF:client/src/assets/images/CloseBtn.jsx
FN:3,CloseBtn
FNF:1
FNH:1
FNDA:1,CloseBtn
DA:3,2
DA:4,1
LF:2
LH:2
BRF:0
BRH:0
end_of_record
TN:
SF:client/src/components/Stars.js
FN:4,(anonymous_0)
FNF:1
FNH:1
FNDA:1,(anonymous_0)
DA:3,2
DA:4,1
LF:2
LH:2
BRDA:4,0,0,1
BRDA:4,0,1,0
BRF:2
BRH:1
end_of_record
TN:
SF:client/src/components/ProductOverview/Message.jsx
FN:4,(anonymous_0)
FNF:1
FNH:1
FNDA:1,(anonymous_0)
DA:4,1
DA:5,1
LF:2
LH:2
BRF:0
BRH:0
end_of_record
TN:
SF:client/src/components/RelatedItemsAndComparison/Card.jsx
FN:58,Card
FN:71,(anonymous_1)
FN:73,(anonymous_2)
FN:74,(anonymous_3)
FN:86,(anonymous_4)
FN:91,(anonymous_5)
FN:95,(anonymous_6)
FNF:7
FNH:2
FNDA:1,Card
FNDA:1,(anonymous_1)
FNDA:0,(anonymous_2)
FNDA:0,(anonymous_3)
FNDA:0,(anonymous_4)
FNDA:0,(anonymous_5)
FNDA:0,(anonymous_6)
DA:11,2
DA:21,2
DA:29,2
DA:33,2
DA:38,2
DA:42,2
DA:50,2
DA:58,2
DA:59,1
DA:68,1
DA:69,1
DA:71,1
DA:72,1
DA:74,0
DA:86,1
DA:87,0
DA:88,0
DA:91,1
DA:92,0
DA:95,1
DA:96,0
DA:97,0
DA:98,0
DA:99,0
DA:100,0
DA:103,1
DA:118,2
DA:124,2
LF:28
LH:19
BRDA:106,0,0,1
BRDA:106,0,1,0
BRDA:109,1,0,1
BRDA:109,1,1,0
BRF:4
BRH:2
end_of_record
TN:
SF:client/src/components/RelatedItemsAndComparison/Carousel.jsx
FN:58,Carousel
FN:70,(anonymous_1)
FN:79,(anonymous_2)
FN:94,(anonymous_3)
FN:99,(anonymous_4)
FNF:5
FNH:1
FNDA:1,Carousel
FNDA:0,(anonymous_1)
FNDA:0,(anonymous_2)
FNDA:0,(anonymous_3)
FNDA:0,(anonymous_4)
DA:8,1
DA:17,1
DA:33,1
DA:48,1
DA:53,1
DA:58,1
DA:61,1
DA:62,1
DA:63,1
DA:64,1
DA:65,0
DA:66,1
DA:67,1
DA:70,1
DA:71,0
DA:72,0
DA:73,0
DA:74,0
DA:75,0
DA:79,1
DA:80,0
DA:81,0
DA:82,0
DA:83,0
DA:84,0
DA:88,1
DA:94,0
DA:99,0
DA:109,1
DA:119,1
LF:30
LH:17
BRDA:64,0,0,0
BRDA:64,0,1,1
BRDA:66,1,0,1
BRDA:66,1,1,0
BRDA:72,2,0,0
BRDA:72,2,1,0
BRDA:74,3,0,0
BRDA:74,3,1,0
BRDA:81,4,0,0
BRDA:81,4,1,0
BRDA:83,5,0,0
BRDA:83,5,1,0
BRDA:90,6,0,0
BRDA:90,6,1,1
BRDA:92,7,0,1
BRDA:92,7,1,0
BRDA:96,8,0,0
BRDA:96,8,1,1
BRDA:96,9,0,1
BRDA:96,9,1,1
BRDA:98,10,0,1
BRDA:98,10,1,1
BRDA:98,10,2,1
BRDA:100,11,0,0
BRDA:100,11,1,1
BRDA:102,12,0,0
BRDA:102,12,1,1
BRF:27
BRH:12
end_of_record
TN:
SF:client/src/components/RelatedItemsAndComparison/Comparison.jsx
FN:61,Comparison
FN:68,(anonymous_1)
FN:72,(anonymous_2)
FN:83,(anonymous_3)
FN:87,(anonymous_4)
FN:116,(anonymous_5)
FN:118,(anonymous_6)
FNF:7
FNH:4
FNDA:2,Comparison
FNDA:0,(anonymous_1)
FNDA:1,(anonymous_2)
FNDA:1,(anonymous_3)
FNDA:1,(anonymous_4)
FNDA:0,(anonymous_5)
FNDA:0,(anonymous_6)
DA:9,3
DA:19,3
DA:34,3
DA:57,3
DA:61,3
DA:62,2
DA:63,2
DA:64,2
DA:65,2
DA:66,2
DA:68,2
DA:69,0
DA:72,2
DA:73,1
DA:74,1
DA:75,1
DA:76,0
DA:78,0
DA:80,0
DA:83,2
DA:84,1
DA:87,2
DA:88,1
DA:89,1
DA:92,2
DA:93,1
DA:102,1
DA:117,0
DA:119,0
DA:131,3
DA:143,3
LF:31
LH:25
BRDA:92,0,0,1
BRDA:92,0,1,1
BRDA:116,1,0,1
BRDA:116,1,1,0
BRF:4
BRH:3
end_of_record
TN:
SF:client/src/components/RelatedItemsAndComparison/EmptyCard.jsx
FN:25,EmptyCard
FN:29,(anonymous_1)
FNF:2
FNH:1
FNDA:1,EmptyCard
FNDA:0,(anonymous_1)
DA:6,2
DA:16,2
DA:25,2
DA:26,1
DA:27,1
DA:29,1
DA:30,0
DA:31,0
DA:32,0
DA:33,0
DA:34,0
DA:38,1
DA:47,2
DA:52,2
LF:14
LH:9
BRDA:30,0,0,0
BRDA:30,0,1,0
BRF:2
BRH:0
end_of_record
TN:
SF:client/src/lib/productCompare.js
FN:6,(anonymous_0)
FN:29,(anonymous_1)
FNF:2
FNH:2
FNDA:3,(anonymous_0)
FNDA:1,(anonymous_1)
DA:6,4
DA:7,3
DA:9,3
DA:10,2
DA:13,1
DA:14,2
DA:19,2
DA:20,2
DA:21,1
DA:25,2
DA:26,2
DA:29,1
DA:30,1
DA:38,1
LF:14
LH:14
BRDA:9,0,0,2
BRDA:9,0,1,1
BRDA:9,1,0,3
BRDA:9,1,1,1
BRDA:20,2,0,1
BRDA:20,2,1,1
BRDA:25,3,0,2
BRDA:25,3,1,1
BRDA:30,4,0,1
BRDA:30,4,1,0
BRF:10
BRH:9
end_of_record
TN:
SF:client/src/lib/starRatings.js
FN:2,(anonymous_0)
FN:11,(anonymous_1)
FNF:2
FNH:2
FNDA:1,(anonymous_0)
FNDA:4,(anonymous_1)
DA:2,3
DA:3,1
DA:4,1
DA:6,1
DA:11,3
DA:12,4
DA:13,1
DA:15,3
DA:16,0
DA:18,3
DA:19,0
DA:21,3
DA:22,0
DA:24,3
DA:25,0
DA:27,3
DA:28,0
DA:30,3
DA:31,0
DA:33,3
DA:34,0
DA:36,3
DA:37,0
DA:39,3
DA:40,0
DA:42,3
DA:43,0
DA:45,3
DA:46,0
DA:48,3
DA:49,1
DA:51,2
DA:52,1
DA:54,1
DA:55,0
DA:57,1
DA:58,0
DA:60,1
DA:61,0
DA:63,1
DA:64,0
DA:66,1
DA:67,0
DA:69,1
DA:70,0
DA:72,1
DA:73,0
DA:75,1
LF:48
LH:30
BRDA:12,0,0,1
BRDA:12,0,1,3
BRDA:12,1,0,4
BRDA:12,1,1,4
BRDA:15,2,0,0
BRDA:15,2,1,3
BRDA:15,3,0,3
BRDA:15,3,1,3
BRDA:18,4,0,0
BRDA:18,4,1,3
BRDA:18,5,0,3
BRDA:18,5,1,3
BRDA:21,6,0,0
BRDA:21,6,1,3
BRDA:21,7,0,3
BRDA:21,7,1,3
BRDA:24,8,0,0
BRDA:24,8,1,3
BRDA:24,9,0,3
BRDA:24,9,1,3
BRDA:27,10,0,0
BRDA:27,10,1,3
BRDA:27,11,0,3
BRDA:27,11,1,3
BRDA:30,12,0,0
BRDA:30,12,1,3
BRDA:30,13,0,3
BRDA:30,13,1,3
BRDA:33,14,0,0
BRDA:33,14,1,3
BRDA:33,15,0,3
BRDA:33,15,1,3
BRDA:36,16,0,0
BRDA:36,16,1,3
BRDA:36,17,0,3
BRDA:36,17,1,3
BRDA:39,18,0,0
BRDA:39,18,1,3
BRDA:39,19,0,3
BRDA:39,19,1,3
BRDA:42,20,0,0
BRDA:42,20,1,3
BRDA:42,21,0,3
BRDA:42,21,1,3
BRDA:45,22,0,0
BRDA:45,22,1,3
BRDA:45,23,0,3
BRDA:45,23,1,3
BRDA:48,24,0,1
BRDA:48,24,1,2
BRDA:48,25,0,3
BRDA:48,25,1,3
BRDA:51,26,0,1
BRDA:51,26,1,1
BRDA:51,27,0,2
BRDA:51,27,1,2
BRDA:54,28,0,0
BRDA:54,28,1,1
BRDA:54,29,0,1
BRDA:54,29,1,1
BRDA:57,30,0,0
BRDA:57,30,1,1
BRDA:57,31,0,1
BRDA:57,31,1,1
BRDA:60,32,0,0
BRDA:60,32,1,1
BRDA:60,33,0,1
BRDA:60,33,1,1
BRDA:63,34,0,0
BRDA:63,34,1,1
BRDA:63,35,0,1
BRDA:63,35,1,1
BRDA:66,36,0,0
BRDA:66,36,1,1
BRDA:66,37,0,1
BRDA:66,37,1,1
BRDA:69,38,0,0
BRDA:69,38,1,1
BRDA:69,39,0,1
BRDA:69,39,1,1
BRDA:72,40,0,0
BRDA:72,40,1,1
BRDA:72,41,0,1
BRDA:72,41,1,1
BRF:84
BRH:66
end_of_record
